
20.8.2022, 20:28:26

Operating System
  Name                        = Fedora
  Version                     = 36
  Architecture                = 64bit
  # CPUs                      = 12
  Memory                      = 16370515968

Node.js
  Node.js Version             = 16.15.1
  npm Version                 = 8.11.0

Titanium CLI
  CLI Version                 = 6.1.1

Titanium SDK
  SDK Version                 = 11.0.0.GA
  SDK Path                    = /home/miga/.titanium/mobilesdk/linux/11.0.0.GA
  Target Platform             = android

Command
  /usr/local/bin/node /usr/local/bin/ti clean

[DEBUG]  Deleting /home/miga/dev/ti.revenuecat/android/build/.gradle
[DEBUG]  Deleting /home/miga/dev/ti.revenuecat/android/build/.idea
[DEBUG]  Deleting /home/miga/dev/ti.revenuecat/android/build/build
[DEBUG]  Deleting /home/miga/dev/ti.revenuecat/android/build/build.gradle
[DEBUG]  Deleting /home/miga/dev/ti.revenuecat/android/build/build_android.log
[DEBUG]  Deleting /home/miga/dev/ti.revenuecat/android/build/gradle
[DEBUG]  Deleting /home/miga/dev/ti.revenuecat/android/build/gradle.properties
[DEBUG]  Deleting /home/miga/dev/ti.revenuecat/android/build/gradlew
[DEBUG]  Deleting /home/miga/dev/ti.revenuecat/android/build/gradlew.bat
[DEBUG]  Deleting /home/miga/dev/ti.revenuecat/android/build/local.properties
[DEBUG]  Deleting /home/miga/dev/ti.revenuecat/android/build/module
[DEBUG]  Deleting /home/miga/dev/ti.revenuecat/android/build/settings.gradle
[DEBUG]  Deleting /home/miga/dev/ti.revenuecat/android/build/ti.constants.gradle
[DEBUG]  Deleting /home/miga/dev/ti.revenuecat/android/dist